<?xml version="1.0" encoding="UTF-8"?>
<!-- Generated by org.testng.reporters.JUnitReportReporter -->
<testsuite hostname="LAPTOP-PLNO5R2G" failures="0" tests="1" name="com.rediff.S2.testcases.S2_Signin_Link_Test" time="0.402" errors="0" timestamp="2024-10-25T06:59:31 PDT" skipped="0">
  <testcase classname="com.rediff.S2.testcases.S2_Signin_Link_Test" name="signInLinkIsDisplayed" time="0.402"/>
</testsuite> <!-- com.rediff.S2.testcases.S2_Signin_Link_Test -->
