<?xml version="1.0" encoding="UTF-8"?>
<!-- Generated by org.testng.reporters.JUnitReportReporter -->
<testsuite hostname="LAPTOP-PLNO5R2G" failures="0" tests="2" name="com.rediff.S2.testcases.S2_InboxPage_Test" time="36.068" errors="0" timestamp="2024-10-25T06:59:31 PDT" skipped="0">
  <testcase classname="com.rediff.S2.testcases.S2_InboxPage_Test" name="presenceOfUserName" time="17.046"/>
  <testcase classname="com.rediff.S2.testcases.S2_InboxPage_Test" name="presenceOfInboxButton" time="19.022"/>
</testsuite> <!-- com.rediff.S2.testcases.S2_InboxPage_Test -->
