<?xml version="1.0" encoding="UTF-8"?>
<!-- Generated by org.testng.reporters.JUnitReportReporter -->
<testsuite hostname="LAPTOP-PLNO5R2G" failures="0" tests="14" name="com.rediff.S2.testcases.S2_LoginPage_Test" time="201.048" errors="0" timestamp="2024-10-25T06:59:31 PDT" skipped="0">
  <testcase classname="com.rediff.S2.testcases.S2_LoginPage_Test" name="loginWithValidCredentialsUsingDataProvider" time="15.151"/>
  <testcase classname="com.rediff.S2.testcases.S2_LoginPage_Test" name="loginWithValidCredentialsUsingDataProvider" time="17.900"/>
  <testcase classname="com.rediff.S2.testcases.S2_LoginPage_Test" name="loginWithValidCredentialsUsingDataProvider" time="14.268"/>
  <testcase classname="com.rediff.S2.testcases.S2_LoginPage_Test" name="loginWithValidCredentialsUsingDataProvider" time="25.687"/>
  <testcase classname="com.rediff.S2.testcases.S2_LoginPage_Test" name="loginWithValidCredentialsUsingDataProvider" time="17.946"/>
  <testcase classname="com.rediff.S2.testcases.S2_LoginPage_Test" name="loginWithValidCredentialsUsingDataProviderExcelSheet" time="15.045"/>
  <testcase classname="com.rediff.S2.testcases.S2_LoginPage_Test" name="loginWithValidCredentialsUsingDataProviderExcelSheet" time="17.775"/>
  <testcase classname="com.rediff.S2.testcases.S2_LoginPage_Test" name="loginWithValidCredentialsUsingDataProviderExcelSheet" time="16.538"/>
  <testcase classname="com.rediff.S2.testcases.S2_LoginPage_Test" name="loginWithValidCredentialsUsingDataProviderExcelSheet" time="15.926"/>
  <testcase classname="com.rediff.S2.testcases.S2_LoginPage_Test" name="loginWithValidCredentialsUsingDataProviderExcelSheet" time="17.107"/>
  <testcase classname="com.rediff.S2.testcases.S2_LoginPage_Test" name="loginWithInvalidCredentials" time="5.710"/>
  <testcase classname="com.rediff.S2.testcases.S2_LoginPage_Test" name="loginWithValidUsernameInvalidPassword" time="11.628"/>
  <testcase classname="com.rediff.S2.testcases.S2_LoginPage_Test" name="loginWithInvalidUsernameValidPassword" time="5.726"/>
  <testcase classname="com.rediff.S2.testcases.S2_LoginPage_Test" name="loginWithNoCredentials" time="4.641"/>
</testsuite> <!-- com.rediff.S2.testcases.S2_LoginPage_Test -->
