<?xml version="1.0" encoding="UTF-8"?>
<!-- Generated by org.testng.reporters.JUnitReportReporter -->
<testsuite hostname="LAPTOP-PLNO5R2G" failures="0" tests="3" name="com.rediff.S2.testcases.S2_LandingPage_Test" time="10.862" errors="0" timestamp="2024-10-25T06:59:31 PDT" skipped="0">
  <testcase classname="com.rediff.S2.testcases.S2_LandingPage_Test" name="validatePageTitleAndCurrentUrl" time="3.817"/>
  <testcase classname="com.rediff.S2.testcases.S2_LandingPage_Test" name="signinButtonIsVisible" time="4.463"/>
  <testcase classname="com.rediff.S2.testcases.S2_LandingPage_Test" name="redifflogoIsDisplayed" time="2.582"/>
</testsuite> <!-- com.rediff.S2.testcases.S2_LandingPage_Test -->
