<?xml version="1.0" encoding="UTF-8"?>
<!-- Generated by org.testng.reporters.JUnitReportReporter -->
<testsuite hostname="LAPTOP-PLNO5R2G" failures="0" tests="1" name="com.rediff.S2.testcases.S2_Links_Test" time="16.919" errors="0" timestamp="2024-10-25T06:59:31 PDT" skipped="0">
  <testcase classname="com.rediff.S2.testcases.S2_Links_Test" name="linkTests" time="16.919"/>
</testsuite> <!-- com.rediff.S2.testcases.S2_Links_Test -->
