<?xml version="1.0" encoding="UTF-8"?>
<!-- Generated by org.testng.reporters.JUnitReportReporter -->
<testsuite hostname="LAPTOP-PLNO5R2G" failures="0" tests="1" name="com.rediff.S2.testcases.S2_Links_Test" time="11.689" errors="0" timestamp="2024-10-24T07:29:39 PDT" skipped="0">
  <testcase classname="com.rediff.S2.testcases.S2_Links_Test" name="linkTests" time="11.689"/>
</testsuite> <!-- com.rediff.S2.testcases.S2_Links_Test -->
