<?xml version="1.0" encoding="UTF-8"?>
<!-- Generated by org.testng.reporters.JUnitReportReporter -->
<testsuite hostname="LAPTOP-PLNO5R2G" failures="0" tests="3" name="com.rediff.S2.testcases.S2_LandingPage_Test" time="8.939" errors="0" timestamp="2024-10-24T07:29:39 PDT" skipped="0">
  <testcase classname="com.rediff.S2.testcases.S2_LandingPage_Test" name="validatePageTitleAndCurrentUrl" time="3.408"/>
  <testcase classname="com.rediff.S2.testcases.S2_LandingPage_Test" name="signinButtonIsVisible" time="2.618"/>
  <testcase classname="com.rediff.S2.testcases.S2_LandingPage_Test" name="redifflogoIsDisplayed" time="2.913"/>
</testsuite> <!-- com.rediff.S2.testcases.S2_LandingPage_Test -->
