<?xml version="1.0" encoding="UTF-8"?>
<!-- Generated by org.testng.reporters.JUnitReportReporter -->
<testsuite hostname="LAPTOP-PLNO5R2G" failures="0" tests="2" name="com.rediff.S2.testcases.S2_InboxPage_Test" time="34.188" errors="0" timestamp="2024-10-24T07:29:39 PDT" skipped="0">
  <testcase classname="com.rediff.S2.testcases.S2_InboxPage_Test" name="presenceOfUserName" time="17.172"/>
  <testcase classname="com.rediff.S2.testcases.S2_InboxPage_Test" name="presenceOfInboxButton" time="17.016"/>
</testsuite> <!-- com.rediff.S2.testcases.S2_InboxPage_Test -->
