<?xml version="1.0" encoding="UTF-8"?>
<!-- Generated by org.testng.reporters.JUnitReportReporter -->
<testsuite hostname="LAPTOP-PLNO5R2G" failures="0" tests="1" name="com.rediff.S2.testcases.S2_Rediff_Home_Test" time="18.540" errors="0" timestamp="2024-10-24T07:29:39 PDT" skipped="0">
  <testcase classname="com.rediff.S2.testcases.S2_Rediff_Home_Test" name="rediffHome" time="18.540"/>
</testsuite> <!-- com.rediff.S2.testcases.S2_Rediff_Home_Test -->
